<?xml version="1.0" encoding="UTF-8"?>
<!-- Generated by org.testng.reporters.JUnitReportReporter -->
<testsuite hostname="DESKTOP-3258JTN" failures="0" tests="2" name="test.com.GradeTest" time="0.001" errors="0" timestamp="26 Aug 2023 17:00:22 GMT">
  <testcase classname="test.com.GradeTest" name="testGradeFail" time="0.001"/>
  <testcase classname="test.com.GradeTest" name="testGrade" time="0.000"/>
</testsuite> <!-- test.com.GradeTest -->
